[0.005s] Invoking command in '/home/juza/humanoid_ws/build/humanoid_motor_control': DEBUGINFOD_URLS=https://debuginfod.ubuntu.com /usr/bin/cmake --build /home/juza/humanoid_ws/build/humanoid_motor_control -- -j28 -l28
[0.046s] [ 42%] [32mBuilding CXX object CMakeFiles/encoder_node.dir/src/encoder_node.cpp.o[0m
[0.046s] [ 42%] [32mBuilding CXX object CMakeFiles/cytron_controller_node.dir/src/cytron_controller_node.cpp.o[0m
[0.046s] [ 42%] [32mBuilding CXX object CMakeFiles/cytron_controller_node.dir/src/cytron_controller.cpp.o[0m
[0.046s] [ 57%] [32mBuilding CXX object CMakeFiles/diff_drive_controller.dir/src/diff_drive_controller.cpp.o[0m
[0.051s] [01m[K/home/juza/humanoid_ws/src/humanoid_motor_control/src/cytron_controller_node.cpp:1:10:[m[K [01;31m[Kfatal error: [m[Khumanoid_motor_control/cytron_controller.hpp: No such file or directory
[0.051s]     1 | #include [01;31m[K"humanoid_motor_control/cytron_controller.hpp"[m[K
[0.051s]       |          [01;31m[K^~~~~~~~~~~~~~~~~~~~~~~~~~~~~~~~~~~~~~~~~~~~~~[m[K
[0.051s] compilation terminated.
[0.051s] [01m[K/home/juza/humanoid_ws/src/humanoid_motor_control/src/cytron_controller.cpp:1:10:[m[K [01;31m[Kfatal error: [m[Khumanoid_motor_control/cytron_controller.hpp: No such file or directory
[0.051s]     1 | #include [01;31m[K"humanoid_motor_control/cytron_controller.hpp"[m[K
[0.051s]       |          [01;31m[K^~~~~~~~~~~~~~~~~~~~~~~~~~~~~~~~~~~~~~~~~~~~~~[m[K
[0.051s] compilation terminated.
[0.051s] gmake[2]: *** [CMakeFiles/cytron_controller_node.dir/build.make:76: CMakeFiles/cytron_controller_node.dir/src/cytron_controller_node.cpp.o] Error 1
[0.052s] gmake[2]: *** Waiting for unfinished jobs....
[0.052s] gmake[2]: *** [CMakeFiles/cytron_controller_node.dir/build.make:90: CMakeFiles/cytron_controller_node.dir/src/cytron_controller.cpp.o] Error 1
[0.052s] gmake[1]: *** [CMakeFiles/Makefile2:141: CMakeFiles/cytron_controller_node.dir/all] Error 2
[0.052s] gmake[1]: *** Waiting for unfinished jobs....
[0.146s] [01m[K/home/juza/humanoid_ws/src/humanoid_motor_control/src/encoder_node.cpp:4:10:[m[K [01;31m[Kfatal error: [m[KwiringPi.h: No such file or directory
[0.146s]     4 | #include [01;31m[K<wiringPi.h>[m[K
[0.146s]       |          [01;31m[K^~~~~~~~~~~~[m[K
[0.146s] compilation terminated.
[0.155s] [01m[K/home/juza/humanoid_ws/src/humanoid_motor_control/src/diff_drive_controller.cpp:4:10:[m[K [01;31m[Kfatal error: [m[Ksensor_msgs/msg/joint_state.hpp: No such file or directory
[0.155s]     4 | #include [01;31m[K<sensor_msgs/msg/joint_state.hpp>[m[K
[0.155s]       |          [01;31m[K^~~~~~~~~~~~~~~~~~~~~~~~~~~~~~~~~[m[K
[0.155s] compilation terminated.
[0.164s] gmake[2]: *** [CMakeFiles/diff_drive_controller.dir/build.make:76: CMakeFiles/diff_drive_controller.dir/src/diff_drive_controller.cpp.o] Error 1
[0.164s] gmake[2]: *** [CMakeFiles/encoder_node.dir/build.make:76: CMakeFiles/encoder_node.dir/src/encoder_node.cpp.o] Error 1
[0.164s] gmake[1]: *** [CMakeFiles/Makefile2:167: CMakeFiles/encoder_node.dir/all] Error 2
[0.164s] gmake[1]: *** [CMakeFiles/Makefile2:193: CMakeFiles/diff_drive_controller.dir/all] Error 2
[0.164s] gmake: *** [Makefile:146: all] Error 2
[0.166s] Invoked command in '/home/juza/humanoid_ws/build/humanoid_motor_control' returned '2': DEBUGINFOD_URLS=https://debuginfod.ubuntu.com /usr/bin/cmake --build /home/juza/humanoid_ws/build/humanoid_motor_control -- -j28 -l28
