[0.006s] Invoking command in '/home/juza/humanoid_ws/build/humanoid_motor_control': DEBUGINFOD_URLS=https://debuginfod.ubuntu.com /usr/bin/cmake --build /home/juza/humanoid_ws/build/humanoid_motor_control -- -j28 -l28
[0.034s] [ 14%] [32mBuilding CXX object CMakeFiles/encoder_node.dir/src/encoder_node.cpp.o[0m
[0.036s] [ 42%] [32mBuilding CXX object CMakeFiles/cytron_controller_node.dir/src/cytron_controller.cpp.o[0m
[0.036s] [ 42%] [32mBuilding CXX object CMakeFiles/diff_drive_controller.dir/src/diff_drive_controller.cpp.o[0m
[0.039s] [ 57%] [32mBuilding CXX object CMakeFiles/cytron_controller_node.dir/src/cytron_controller_node.cpp.o[0m
[0.066s] [01m[K/home/juza/humanoid_ws/src/humanoid_motor_control/src/cytron_controller_node.cpp:2:10:[m[K [01;31m[Kfatal error: [m[KwiringPi.h: No such file or directory
[0.066s]     2 | #include [01;31m[K<wiringPi.h>[m[K
[0.066s]       |          [01;31m[K^~~~~~~~~~~~[m[K
[0.066s] compilation terminated.
[0.067s] gmake[2]: *** [CMakeFiles/cytron_controller_node.dir/build.make:76: CMakeFiles/cytron_controller_node.dir/src/cytron_controller_node.cpp.o] Error 1
[0.067s] gmake[2]: *** Waiting for unfinished jobs....
[0.069s] [01m[K/home/juza/humanoid_ws/src/humanoid_motor_control/src/cytron_controller.cpp:2:10:[m[K [01;31m[Kfatal error: [m[KwiringPi.h: No such file or directory
[0.069s]     2 | #include [01;31m[K<wiringPi.h>[m[K
[0.069s]       |          [01;31m[K^~~~~~~~~~~~[m[K
[0.069s] compilation terminated.
[0.070s] gmake[2]: *** [CMakeFiles/cytron_controller_node.dir/build.make:90: CMakeFiles/cytron_controller_node.dir/src/cytron_controller.cpp.o] Error 1
[0.070s] gmake[1]: *** [CMakeFiles/Makefile2:141: CMakeFiles/cytron_controller_node.dir/all] Error 2
[0.070s] gmake[1]: *** Waiting for unfinished jobs....
[0.135s] [01m[K/home/juza/humanoid_ws/src/humanoid_motor_control/src/encoder_node.cpp:4:10:[m[K [01;31m[Kfatal error: [m[KwiringPi.h: No such file or directory
[0.135s]     4 | #include [01;31m[K<wiringPi.h>[m[K
[0.136s]       |          [01;31m[K^~~~~~~~~~~~[m[K
[0.136s] compilation terminated.
[0.151s] [01m[K/home/juza/humanoid_ws/src/humanoid_motor_control/src/diff_drive_controller.cpp:4:10:[m[K [01;31m[Kfatal error: [m[Ksensor_msgs/msg/joint_state.hpp: No such file or directory
[0.151s]     4 | #include [01;31m[K<sensor_msgs/msg/joint_state.hpp>[m[K
[0.151s]       |          [01;31m[K^~~~~~~~~~~~~~~~~~~~~~~~~~~~~~~~~[m[K
[0.151s] compilation terminated.
[0.155s] gmake[2]: *** [CMakeFiles/encoder_node.dir/build.make:76: CMakeFiles/encoder_node.dir/src/encoder_node.cpp.o] Error 1
[0.155s] gmake[2]: *** [CMakeFiles/diff_drive_controller.dir/build.make:76: CMakeFiles/diff_drive_controller.dir/src/diff_drive_controller.cpp.o] Error 1
[0.155s] gmake[1]: *** [CMakeFiles/Makefile2:167: CMakeFiles/encoder_node.dir/all] Error 2
[0.155s] gmake[1]: *** [CMakeFiles/Makefile2:193: CMakeFiles/diff_drive_controller.dir/all] Error 2
[0.155s] gmake: *** [Makefile:146: all] Error 2
[0.157s] Invoked command in '/home/juza/humanoid_ws/build/humanoid_motor_control' returned '2': DEBUGINFOD_URLS=https://debuginfod.ubuntu.com /usr/bin/cmake --build /home/juza/humanoid_ws/build/humanoid_motor_control -- -j28 -l28
